<?xml version="1.0" encoding="UTF-8"?>
<testsuite xmlns:xsi="http://www.w3.org/2001/XMLSchema-instance" xsi:noNamespaceSchemaLocation="https://maven.apache.org/surefire/maven-surefire-plugin/xsd/surefire-test-report-3.0.xsd" version="3.0" name="com.taskmanager.repository.mybatis.mapper.UserMapperTest" time="22.579" tests="4" errors="0" skipped="0" failures="0">
  <properties>
[...]
</properties>
  <testcase name="update" classname="com.taskmanager.repository.mybatis.mapper.UserMapperTest" time="0.411">
    <system-out><![CDATA[13:13:16.308 [main] INFO org.testcontainers.images.PullPolicy -- Image pull policy will be performed by: DefaultPullPolicy()
13:13:16.440 [main] INFO org.testcontainers.utility.ImageNameSubstitutor -- Image name substitution will be performed by: DefaultImageNameSubstitutor (composite of 'ConfigurationFileImageNameSubstitutor' and 'PrefixingImageNameSubstitutor')
13:13:19.566 [main] INFO org.testcontainers.dockerclient.DockerClientProviderStrategy -- Found Docker environment with local Unix socket (unix:///var/run/docker.sock)
13:13:19.621 [main] INFO org.testcontainers.DockerClientFactory -- Docker host IP address is localhost
13:13:19.707 [main] INFO org.testcontainers.DockerClientFactory -- Connected to docker: 
  Server Version: 27.5.1
  API Version: 1.47
  Operating System: Ubuntu Core 22
  Total Memory: 7833 MB
13:13:19.871 [main] INFO tc.testcontainers/ryuk:0.7.0 -- Pulling docker image: testcontainers/ryuk:0.7.0. Please be patient; this may take some time but only needs to be done once.
13:13:19.909 [main] INFO org.testcontainers.utility.RegistryAuthLocator -- Failure when attempting to lookup auth config. Please ignore if you don't have images in an authenticated registry. Details: (dockerImageName: testcontainers/ryuk:latest, configFile: /home/prostoede/.docker/config.json, configEnv: DOCKER_AUTH_CONFIG). Falling back to docker-java default behaviour. Exception message: Status 404: No config supplied. Checked in order: /home/prostoede/.docker/config.json (file not found), DOCKER_AUTH_CONFIG (not set)
13:13:22.360 [docker-java-stream-516338723] INFO tc.testcontainers/ryuk:0.7.0 -- Starting to pull image
13:13:22.480 [docker-java-stream-516338723] INFO tc.testcontainers/ryuk:0.7.0 -- Pulling image layers:  0 pending,  0 downloaded,  0 extracted, (0 bytes/0 bytes)
13:13:23.799 [docker-java-stream-516338723] INFO tc.testcontainers/ryuk:0.7.0 -- Pulling image layers:  2 pending,  1 downloaded,  0 extracted, (203 KB/? MB)
13:13:24.428 [docker-java-stream-516338723] INFO tc.testcontainers/ryuk:0.7.0 -- Pulling image layers:  1 pending,  2 downloaded,  0 extracted, (4 MB/? MB)
13:13:24.445 [docker-java-stream-516338723] INFO tc.testcontainers/ryuk:0.7.0 -- Pulling image layers:  0 pending,  3 downloaded,  0 extracted, (4 MB/6 MB)
13:13:24.997 [docker-java-stream-516338723] INFO tc.testcontainers/ryuk:0.7.0 -- Pulling image layers:  0 pending,  3 downloaded,  1 extracted, (5 MB/6 MB)
13:13:25.295 [docker-java-stream-516338723] INFO tc.testcontainers/ryuk:0.7.0 -- Pulling image layers:  0 pending,  3 downloaded,  2 extracted, (5 MB/6 MB)
13:13:25.646 [docker-java-stream-516338723] INFO tc.testcontainers/ryuk:0.7.0 -- Pulling image layers:  0 pending,  3 downloaded,  3 extracted, (6 MB/6 MB)
13:13:25.694 [docker-java-stream-516338723] INFO tc.testcontainers/ryuk:0.7.0 -- Pull complete. 3 layers, pulled in 3s (downloaded 6 MB at 2 MB/s)
13:13:25.694 [main] INFO tc.testcontainers/ryuk:0.7.0 -- Image testcontainers/ryuk:0.7.0 pull took PT5.822600841S
13:13:26.000 [main] INFO tc.testcontainers/ryuk:0.7.0 -- Creating container for image: testcontainers/ryuk:0.7.0
13:13:26.433 [main] INFO tc.testcontainers/ryuk:0.7.0 -- Container testcontainers/ryuk:0.7.0 is starting: 1670e720c3c10da93d4c8e50ca1bb1d9adaed3ae46d83e90326fa9b73cfc4866
13:13:29.428 [main] INFO tc.testcontainers/ryuk:0.7.0 -- Container testcontainers/ryuk:0.7.0 started in PT3.428629162S
13:13:29.450 [main] INFO org.testcontainers.utility.RyukResourceReaper -- Ryuk started - will monitor and terminate Testcontainers containers on JVM exit
13:13:29.450 [main] INFO org.testcontainers.DockerClientFactory -- Checking the system...
13:13:29.463 [main] INFO org.testcontainers.DockerClientFactory -- ✔︎ Docker server version should be at least 1.6.0
13:13:29.471 [main] INFO tc.postgres:15.5-alpine -- Pulling docker image: postgres:15.5-alpine. Please be patient; this may take some time but only needs to be done once.
13:13:31.597 [docker-java-stream--977821900] INFO tc.postgres:15.5-alpine -- Starting to pull image
13:13:31.601 [docker-java-stream--977821900] INFO tc.postgres:15.5-alpine -- Pulling image layers:  0 pending,  0 downloaded,  0 extracted, (0 bytes/0 bytes)
13:13:32.908 [docker-java-stream--977821900] INFO tc.postgres:15.5-alpine -- Pulling image layers:  8 pending,  1 downloaded,  0 extracted, (116 bytes/? MB)
13:13:32.921 [docker-java-stream--977821900] INFO tc.postgres:15.5-alpine -- Pulling image layers:  7 pending,  2 downloaded,  0 extracted, (1 KB/? MB)
13:13:32.974 [docker-java-stream--977821900] INFO tc.postgres:15.5-alpine -- Pulling image layers:  7 pending,  2 downloaded,  1 extracted, (1 KB/? MB)
13:13:33.028 [docker-java-stream--977821900] INFO tc.postgres:15.5-alpine -- Pulling image layers:  7 pending,  2 downloaded,  2 extracted, (1 KB/? MB)
13:13:33.861 [docker-java-stream--977821900] INFO tc.postgres:15.5-alpine -- Pulling image layers:  6 pending,  3 downloaded,  2 extracted, (6 MB/? MB)
13:13:34.874 [docker-java-stream--977821900] INFO tc.postgres:15.5-alpine -- Pulling image layers:  5 pending,  4 downloaded,  2 extracted, (15 MB/? MB)
13:13:35.487 [docker-java-stream--977821900] INFO tc.postgres:15.5-alpine -- Pulling image layers:  4 pending,  5 downloaded,  2 extracted, (22 MB/? MB)
13:13:36.722 [docker-java-stream--977821900] INFO tc.postgres:15.5-alpine -- Pulling image layers:  3 pending,  6 downloaded,  2 extracted, (34 MB/? MB)
13:13:36.893 [docker-java-stream--977821900] INFO tc.postgres:15.5-alpine -- Pulling image layers:  2 pending,  7 downloaded,  2 extracted, (35 MB/? MB)
13:13:42.664 [docker-java-stream--977821900] INFO tc.postgres:15.5-alpine -- Pulling image layers:  1 pending,  8 downloaded,  2 extracted, (86 MB/? MB)
13:13:55.289 [docker-java-stream--977821900] INFO tc.postgres:15.5-alpine -- Pulling image layers:  1 pending,  8 downloaded,  3 extracted, (87 MB/? MB)
13:13:55.352 [docker-java-stream--977821900] INFO tc.postgres:15.5-alpine -- Pulling image layers:  1 pending,  8 downloaded,  4 extracted, (87 MB/? MB)
13:13:55.420 [docker-java-stream--977821900] INFO tc.postgres:15.5-alpine -- Pulling image layers:  1 pending,  8 downloaded,  5 extracted, (87 MB/? MB)
13:13:55.474 [docker-java-stream--977821900] INFO tc.postgres:15.5-alpine -- Pulling image layers:  1 pending,  8 downloaded,  6 extracted, (87 MB/? MB)
13:13:55.531 [docker-java-stream--977821900] INFO tc.postgres:15.5-alpine -- Pulling image layers:  1 pending,  8 downloaded,  7 extracted, (87 MB/? MB)
13:13:55.592 [docker-java-stream--977821900] INFO tc.postgres:15.5-alpine -- Pulling image layers:  1 pending,  8 downloaded,  8 extracted, (87 MB/? MB)
13:13:55.638 [docker-java-stream--977821900] INFO tc.postgres:15.5-alpine -- Pull complete. 9 layers, pulled in 24s (downloaded 87 MB at 3 MB/s)
13:13:55.640 [main] INFO tc.postgres:15.5-alpine -- Image postgres:15.5-alpine pull took PT26.168539083S
13:13:55.665 [main] INFO tc.postgres:15.5-alpine -- Creating container for image: postgres:15.5-alpine
13:13:55.868 [main] INFO tc.postgres:15.5-alpine -- Container postgres:15.5-alpine is starting: 405c01e847f11e67ff276682c397c461903057015f25f39ed951b34ff779aed3
13:14:02.075 [main] INFO tc.postgres:15.5-alpine -- Container postgres:15.5-alpine started in PT6.410343407S
13:14:02.077 [main] INFO tc.postgres:15.5-alpine -- Container is started (JDBC URL: jdbc:postgresql://localhost:32769/test?loggerLevel=OFF)
13:14:03.290 [main] INFO org.springframework.test.context.support.AnnotationConfigContextLoaderUtils -- Could not detect default configuration classes for test class [com.taskmanager.repository.mybatis.mapper.UserMapperTest]: UserMapperTest does not declare any static, non-private, non-final, nested classes annotated with @Configuration.
13:14:04.278 [main] INFO org.springframework.boot.test.context.SpringBootTestContextBootstrapper -- Found @SpringBootConfiguration com.taskmanager.Main for test class com.taskmanager.repository.mybatis.mapper.UserMapperTest

  .   ____          _            __ _ _
 /\\ / ___'_ __ _ _(_)_ __  __ _ \ \ \ \
( ( )\___ | '_ | '_| | '_ \/ _` | \ \ \ \
 \\/  ___)| |_)| | | | | || (_| |  ) ) ) )
  '  |____| .__|_| |_|_| |_\__, | / / / /
 =========|_|==============|___/=/_/_/_/

 :: Spring Boot ::                (v3.3.1)

2025-04-29T13:14:09.690+07:00  INFO 9297 --- [           main] c.t.r.mybatis.mapper.UserMapperTest      : Starting UserMapperTest using Java 22.0.1 with PID 9297 (started by prostoede in /home/prostoede/Рабочий стол/вкр/project)
2025-04-29T13:14:09.756+07:00  INFO 9297 --- [           main] c.t.r.mybatis.mapper.UserMapperTest      : No active profile set, falling back to 1 default profile: "default"
2025-04-29T13:14:19.631+07:00  INFO 9297 --- [           main] o.f.c.internal.license.VersionPrinter    : Flyway Community Edition 9.5.1 by Redgate
2025-04-29T13:14:19.632+07:00  INFO 9297 --- [           main] o.f.c.internal.license.VersionPrinter    : See what's new here: https://flywaydb.org/documentation/learnmore/releaseNotes#9.5.1
2025-04-29T13:14:19.632+07:00  INFO 9297 --- [           main] o.f.c.internal.license.VersionPrinter    : 
2025-04-29T13:14:19.796+07:00  INFO 9297 --- [           main] com.zaxxer.hikari.HikariDataSource       : HikariPool-1 - Starting...
2025-04-29T13:14:21.587+07:00  INFO 9297 --- [           main] com.zaxxer.hikari.pool.HikariPool        : HikariPool-1 - Added connection org.postgresql.jdbc.PgConnection@2aeb7c4c
2025-04-29T13:14:21.591+07:00  INFO 9297 --- [           main] com.zaxxer.hikari.HikariDataSource       : HikariPool-1 - Start completed.
2025-04-29T13:14:21.805+07:00  INFO 9297 --- [           main] o.f.c.i.database.base.BaseDatabaseType   : Database: jdbc:postgresql://localhost:32769/test (PostgreSQL 15.5)
2025-04-29T13:14:22.074+07:00  INFO 9297 --- [           main] o.f.core.internal.command.DbValidate     : Successfully validated 2 migrations (execution time 00:00.113s)
2025-04-29T13:14:22.161+07:00  INFO 9297 --- [           main] o.f.c.i.s.JdbcTableSchemaHistory         : Creating Schema History table "public"."flyway_schema_history" ...
2025-04-29T13:14:22.397+07:00  INFO 9297 --- [           main] o.f.core.internal.command.DbMigrate      : Current version of schema "public": << Empty Schema >>
2025-04-29T13:14:22.555+07:00  INFO 9297 --- [           main] o.f.core.internal.command.DbMigrate      : Migrating schema "public" to version "0000 - init schema"
2025-04-29T13:14:22.880+07:00  INFO 9297 --- [           main] o.f.core.internal.command.DbMigrate      : Migrating schema "public" to version "0001 - add constraint"
2025-04-29T13:14:22.960+07:00  INFO 9297 --- [           main] o.f.core.internal.command.DbMigrate      : Successfully applied 2 migrations to schema "public", now at version v0001 (execution time 00:00.584s)
2025-04-29T13:14:24.061+07:00  INFO 9297 --- [           main] c.t.r.mybatis.mapper.UserMapperTest      : Started UserMapperTest in 18.852 seconds (process running for 86.001)
]]></system-out>
  </testcase>
  <testcase name="findUsers" classname="com.taskmanager.repository.mybatis.mapper.UserMapperTest" time="0.026"/>
  <testcase name="save_and_getById" classname="com.taskmanager.repository.mybatis.mapper.UserMapperTest" time="0.017"/>
  <testcase name="getByLogin" classname="com.taskmanager.repository.mybatis.mapper.UserMapperTest" time="0.019"/>
</testsuite>